[www.programiz.com/java-programming/online-compiler/index.html]
[backblue.gif]
[fade.gif]
[index.html]
[cdn.programiz.com/sites/tutorial2program/files/programiz-favicon_3.png]
[cmp.uniconsent.com/v2/stub.min.js]
[cmp.uniconsent.com/v2/a8d3ae4937/cmp.js]
[dsh7ky7308k4b.cloudfront.net/publishers/Programizcomnew.min.html]
[www.programiz.com/java-programming/online-compiler/playground8dc9.css]
[cdnjs.cloudflare.com/ajax/libs/socket.io/1.4.5/socket.io.min.js]
[cdnjs.cloudflare.com/ajax/libs/jquery/3.5.0/jquery.min.js]
[cdnjs.cloudflare.com/ajax/libs/ace/1.4.11/ace.js]
[cdnjs.cloudflare.com/ajax/libs/mousetrap/1.4.6/mousetrap.min.js]
[www.programiz.com/java-programming/online-compiler/build/final3486.js]
[www.programiz.com/java-programming/online-compiler/index.html]
[cdn.jsdelivr.net/npm/prebid.js@7.35.0/dist/debugging-standalone.js]
[script.4dex.io/localstore.js]
[dsh7ky7308k4b.cloudfront.net/publishers/Programizcomnew.min.html]
[www.googletagmanager.com/gtm5445.html]
[www.programiz.com/java-programming/online-compiler/assets/fonts/droidsansmono-webfont.woff2]
[www.programiz.com/java-programming/online-compiler/assets/fonts/droidsansmono-webfont.woff]
[www.programiz.com/java-programming/online-compiler/assets/fonts/euclidcirculara-regular-webfont.woff2]
[www.programiz.com/java-programming/online-compiler/assets/fonts/euclidcirculara-regular-webfont.woff]
[www.programiz.com/java-programming/online-compiler/assets/images/sale-popup-fallback.png]
[www.programiz.com/java-programming/online-compiler/assets/images/summer-challenge.png]
[www.programiz.com/java-programming/online-compiler/playground8dc9.css]
[www.programiz.com/java-programming/online-compiler/assets/logos/logo.svg]
[www.programiz.com/java-programming/online-compiler/assets/icons/close.svg]
[www.programiz.com/java-programming/online-compiler/assets/icons/python.svg]
[www.programiz.com/java-programming/online-compiler/assets/icons/r.svg]
[www.programiz.com/java-programming/online-compiler/assets/icons/sql.svg]
[www.programiz.com/java-programming/online-compiler/assets/icons/html.svg]
[www.programiz.com/java-programming/online-compiler/assets/icons/java.svg]
[www.programiz.com/java-programming/online-compiler/assets/icons/c.svg]
[www.programiz.com/java-programming/online-compiler/assets/icons/cpp.svg]
[www.programiz.com/java-programming/online-compiler/assets/icons/csharp.svg]
[www.programiz.com/java-programming/online-compiler/assets/icons/javascript.svg]
[www.programiz.com/java-programming/online-compiler/assets/icons/golang.svg]
[www.programiz.com/java-programming/online-compiler/assets/icons/php.svg]
[www.programiz.com/java-programming/online-compiler/assets/icons/swift.svg]
[www.programiz.com/java-programming/online-compiler/assets/icons/rust.svg]
[www.programiz.com/java-programming/online-compiler/assets/icons/burger.svg]
[www.programiz.com/java-programming/online-compiler/assets/icons/moon.svg]
[www.programiz.com/java-programming/online-compiler/assets/icons/sun.svg]
[www.programiz.com/java-programming/online-compiler/assets/icons/play.svg]
[www.programiz.com/java-programming/online-compiler/assets/icons/expand.svg]
[www.programiz.com/java-programming/online-compiler/assets/icons/minimize.svg]
[www.programiz.com/java-programming/online-compiler/assets/icons/big-close-icon.svg]
[dsh7ky7308k4b.cloudfront.net/publishers/prebid.js]
[dsh7ky7308k4b.cloudfront.net/publishers/trk.js]
[dsh7ky7308k4b.cloudfront.net/publishers/video.h]
[dsh7ky7308k4b.cloudfront.net/publishers/mediaTypes.video.h]
[dsh7ky7308k4b.cloudfront.net/publishers/apex.go.sonobi.com/vast87f4.xml]
[dsh7ky7308k4b.cloudfront.net/publishers/apex.go.sonobi.com/sbi45d0.js]
[pagead2.googlesyndication.com/pagead/js/adsbygoogle.js]
[cdn.carbonads.com/carbon0a0e.js]
[securepubads.g.doubleclick.net/tag/js/gpt.js]
[c.amazon-adsystem.com/aax2/apstag.js]
